0 info it worked if it ends with ok
1 verbose cli [ '/home/travis/.nvm/v0.10.28/bin/node',
1 verbose cli   '/home/travis/.nvm/v0.10.28/bin/npm',
1 verbose cli   'start' ]
2 info using npm@1.4.9
3 info using node@v0.10.28
4 verbose run-script [ 'prestart', 'start', 'poststart' ]
5 info prestart realtime-web-playground@0.0.0
6 verbose unsafe-perm in lifecycle true
7 info start realtime-web-playground@0.0.0
8 verbose unsafe-perm in lifecycle true
9 info realtime-web-playground@0.0.0 Failed to exec start script
10 error realtime-web-playground@0.0.0 start: `http-server -a localhost -p 8000`
10 error Exit status 127
11 error Failed at the realtime-web-playground@0.0.0 start script.
11 error This is most likely a problem with the realtime-web-playground package,
11 error not with npm itself.
11 error Tell the author that this fails on your system:
11 error     http-server -a localhost -p 8000
11 error You can get their info via:
11 error     npm owner ls realtime-web-playground
11 error There is likely additional logging output above.
12 error System Linux 2.6.32-042stab061.2
13 error command "/home/travis/.nvm/v0.10.28/bin/node" "/home/travis/.nvm/v0.10.28/bin/npm" "start"
14 error cwd /home/travis/build/goodow/realtime-web-playground
15 error node -v v0.10.28
16 error npm -v 1.4.9
17 error code ELIFECYCLE
18 verbose exit [ 1, true ]
